<?xml version="1.0" encoding="UTF-8"?>
<!-- Generated by org.testng.reporters.JUnitReportReporter -->
<testsuite hostname="lnksync-Workstation" failures="0" tests="1" name="TestCases.Login_Screen_Test" time="2.754" errors="0" timestamp="2022-09-26T17:11:59 EET" skipped="0">
  <testcase classname="TestCases.Login_Screen_Test" name="login_with_credentials" time="2.754"/>
  <system-out/>
</testsuite> <!-- TestCases.Login_Screen_Test -->
