<?xml version="1.0" encoding="UTF-8"?>
<!-- Generated by org.testng.reporters.JUnitReportReporter -->
<testsuite hostname="lnksync-Workstation" failures="0" tests="1" name="TestCases.LogIn_TestCase" time="0.008" errors="0" timestamp="2022-09-26T10:35:15 EET" skipped="0">
  <testcase classname="TestCases.LogIn_TestCase" name="f" time="0.008"/>
  <system-out/>
</testsuite> <!-- TestCases.LogIn_TestCase -->
