<?xml version="1.0" encoding="UTF-8"?>
<!-- Generated by org.testng.reporters.JUnitReportReporter -->
<testsuite hostname="lnksync-Workstation" failures="0" tests="1" name="base.com.Base" time="5.486" errors="0" timestamp="2022-09-26T10:14:31 EET" skipped="0">
  <testcase classname="base.com.Base" name="beforeClass" time="5.486"/>
  <system-out/>
</testsuite> <!-- base.com.Base -->
